<?xml version="1.0" encoding="UTF-8"?>
<testsuite xmlns:xsi="http://www.w3.org/2001/XMLSchema-instance" xsi:noNamespaceSchemaLocation="https://maven.apache.org/surefire/maven-surefire-plugin/xsd/surefire-test-report.xsd" name="com.msbkn.sakila.service.FilmActorServiceTest" time="0.359" tests="4" errors="1" skipped="0" failures="0">
  <properties>
[...]
</properties>
  <testcase name="saveTest" classname="com.msbkn.sakila.service.FilmActorServiceTest" time="0.002"/>
  <testcase name="findAllByFlim" classname="com.msbkn.sakila.service.FilmActorServiceTest" time="0.034"/>
  <testcase name="fillAllTest" classname="com.msbkn.sakila.service.FilmActorServiceTest" time="0.237"/>
  <testcase name="findByIdTest" classname="com.msbkn.sakila.service.FilmActorServiceTest" time="0.086">
    <error message="java.util.ArrayList cannot be cast to com.msbkn.sakila.domain.FilmActor" type="java.lang.ClassCastException">java.lang.ClassCastException: java.util.ArrayList cannot be cast to com.msbkn.sakila.domain.FilmActor
	at com.msbkn.sakila.service.FilmActorServiceTest.findByIdTest(FilmActorServiceTest.java:37)
</error>
    <system-out><![CDATA[Hibernate: select this_.id as id1_3_3_, this_.ACTOR_ID as ACTOR_ID3_3_3_, this_.FILM_ID as FILM_ID4_3_3_, this_.last_update as last_upd2_3_3_, actor2_.id as id1_0_0_, actor2_.first_name as first_na2_0_0_, actor2_.last_name as last_nam3_0_0_, actor2_.last_update as last_upd4_0_0_, film3_.id as id1_1_1_, film3_.replacement_cost as replacem2_1_1_, film3_.film_deleted as film_del3_1_1_, film3_.description as descript4_1_1_, film3_.rental_duration as rental_d5_1_1_, film3_.special_features as special_6_1_1_, film3_.LANGUAGE_ID as LANGUAG13_1_1_, film3_.last_update as last_upd7_1_1_, film3_.length as length8_1_1_, film3_.rental_rate as rental_r9_1_1_, film3_.rating as rating10_1_1_, film3_.title as title11_1_1_, film3_.release_year as release12_1_1_, language4_.id as id1_2_2_, language4_.last_update as last_upd2_2_2_, language4_.name as name3_2_2_ from film_actor this_ left outer join Actor actor2_ on this_.ACTOR_ID=actor2_.id left outer join Film film3_ on this_.FILM_ID=film3_.id left outer join Language language4_ on film3_.LANGUAGE_ID=language4_.id
]]></system-out>
  </testcase>
</testsuite>