<?xml version="1.0" encoding="UTF-8"?>
<testsuite xmlns:xsi="http://www.w3.org/2001/XMLSchema-instance" xsi:noNamespaceSchemaLocation="https://maven.apache.org/surefire/maven-surefire-plugin/xsd/surefire-test-report.xsd" name="com.msbkn.sakila.service.LanguageServiceTest" time="0.079" tests="5" errors="3" skipped="0" failures="0">
  <properties>
[...]
</properties>
  <testcase name="saveLanguage" classname="com.msbkn.sakila.service.LanguageServiceTest" time="0.017"/>
  <testcase name="updateLanguage" classname="com.msbkn.sakila.service.LanguageServiceTest" time="0.012">
    <error type="java.lang.NullPointerException">java.lang.NullPointerException
	at com.msbkn.sakila.service.LanguageServiceTest.updateLanguage(LanguageServiceTest.java:45)
</error>
    <system-out><![CDATA[Hibernate: select language0_.id as id1_2_0_, language0_.last_update as last_upd2_2_0_, language0_.name as name3_2_0_ from Language language0_ where language0_.id=?
]]></system-out>
  </testcase>
  <testcase name="getLanguageById" classname="com.msbkn.sakila.service.LanguageServiceTest" time="0.013">
    <error type="java.lang.NullPointerException">java.lang.NullPointerException
	at com.msbkn.sakila.service.LanguageServiceTest.getLanguageById(LanguageServiceTest.java:27)
</error>
    <system-out><![CDATA[Hibernate: select language0_.id as id1_2_0_, language0_.last_update as last_upd2_2_0_, language0_.name as name3_2_0_ from Language language0_ where language0_.id=?
]]></system-out>
  </testcase>
  <testcase name="getAllLanguages" classname="com.msbkn.sakila.service.LanguageServiceTest" time="0.014"/>
  <testcase name="deleteLanguage" classname="com.msbkn.sakila.service.LanguageServiceTest" time="0.023">
    <error message="attempt to create delete event with null entity" type="java.lang.IllegalArgumentException">java.lang.IllegalArgumentException: attempt to create delete event with null entity
	at com.msbkn.sakila.service.LanguageServiceTest.deleteLanguage(LanguageServiceTest.java:54)
</error>
    <system-out><![CDATA[Hibernate: select language0_.id as id1_2_0_, language0_.last_update as last_upd2_2_0_, language0_.name as name3_2_0_ from Language language0_ where language0_.id=?
]]></system-out>
  </testcase>
</testsuite>